<?xml version="1.0" encoding="UTF-8"?>
<testsuite xmlns:xsi="http://www.w3.org/2001/XMLSchema-instance" xsi:noNamespaceSchemaLocation="https://maven.apache.org/surefire/maven-surefire-plugin/xsd/surefire-test-report-3.0.xsd" version="3.0" name="com.myproject.AppTest" time="0.013" tests="1" errors="0" skipped="0" failures="0">
  <properties>
    <property name="java.specification.version" value="18"/>
    <property name="sun.cpu.isalist" value="amd64"/>
    <property name="sun.jnu.encoding" value="Cp1252"/>
    <property name="java.class.path" value="C:\Users\amung\webmyproject\target\test-classes;C:\Users\amung\webmyproject\target\classes;C:\Users\amung\.m2\repository\junit\junit\3.8.1\junit-3.8.1.jar;C:\Users\amung\.m2\repository\com\pulumi\mysql\3.2.0\mysql-3.2.0.jar;C:\Users\amung\.m2\repository\com\google\code\findbugs\jsr305\3.0.2\jsr305-3.0.2.jar;C:\Users\amung\.m2\repository\com\google\code\gson\gson\2.8.9\gson-2.8.9.jar;C:\Users\amung\.m2\repository\com\pulumi\pulumi\0.5.4\pulumi-0.5.4.jar;C:\Users\amung\.m2\repository\io\grpc\grpc-protobuf\1.38.0\grpc-protobuf-1.38.0.jar;C:\Users\amung\.m2\repository\io\grpc\grpc-api\1.38.0\grpc-api-1.38.0.jar;C:\Users\amung\.m2\repository\io\grpc\grpc-context\1.38.0\grpc-context-1.38.0.jar;C:\Users\amung\.m2\repository\com\google\api\grpc\proto-google-common-protos\2.0.1\proto-google-common-protos-2.0.1.jar;C:\Users\amung\.m2\repository\io\grpc\grpc-protobuf-lite\1.38.0\grpc-protobuf-lite-1.38.0.jar;C:\Users\amung\.m2\repository\com\google\errorprone\error_prone_annotations\2.4.0\error_prone_annotations-2.4.0.jar;C:\Users\amung\.m2\repository\org\codehaus\mojo\animal-sniffer-annotations\1.19\animal-sniffer-annotations-1.19.jar;C:\Users\amung\.m2\repository\io\grpc\grpc-stub\1.38.0\grpc-stub-1.38.0.jar;C:\Users\amung\.m2\repository\net\javacrumbs\future-converter\future-converter-java8-guava\1.2.0\future-converter-java8-guava-1.2.0.jar;C:\Users\amung\.m2\repository\net\javacrumbs\future-converter\future-converter-common\1.2.0\future-converter-common-1.2.0.jar;C:\Users\amung\.m2\repository\net\javacrumbs\future-converter\future-converter-java8-common\1.2.0\future-converter-java8-common-1.2.0.jar;C:\Users\amung\.m2\repository\net\javacrumbs\future-converter\future-converter-guava-common\1.2.0\future-converter-guava-common-1.2.0.jar;C:\Users\amung\.m2\repository\com\google\guava\guava\31.1-jre\guava-31.1-jre.jar;C:\Users\amung\.m2\repository\com\google\guava\failureaccess\1.0.1\failureaccess-1.0.1.jar;C:\Users\amung\.m2\repository\com\google\guava\listenablefuture\9999.0-empty-to-avoid-conflict-with-guava\listenablefuture-9999.0-empty-to-avoid-conflict-with-guava.jar;C:\Users\amung\.m2\repository\org\checkerframework\checker-qual\3.12.0\checker-qual-3.12.0.jar;C:\Users\amung\.m2\repository\com\google\j2objc\j2objc-annotations\1.3\j2objc-annotations-1.3.jar;C:\Users\amung\.m2\repository\com\google\protobuf\protobuf-java\3.21.1\protobuf-java-3.21.1.jar;C:\Users\amung\.m2\repository\com\google\protobuf\protobuf-java-util\3.21.1\protobuf-java-util-3.21.1.jar;C:\Users\amung\.m2\repository\io\grpc\grpc-netty-shaded\1.38.0\grpc-netty-shaded-1.38.0.jar;C:\Users\amung\.m2\repository\io\grpc\grpc-core\1.38.0\grpc-core-1.38.0.jar;C:\Users\amung\.m2\repository\com\google\android\annotations\4.1.1.4\annotations-4.1.1.4.jar;C:\Users\amung\.m2\repository\io\perfmark\perfmark-api\0.23.0\perfmark-api-0.23.0.jar;C:\Users\amung\.m2\repository\org\ttgoss\js\react-navigation_sjs1_3\1.0.0-RC1\react-navigation_sjs1_3-1.0.0-RC1.jar;C:\Users\amung\.m2\repository\org\ttgoss\js\react_sjs1_3\1.0.0-RC1\react_sjs1_3-1.0.0-RC1.jar;C:\Users\amung\.m2\repository\org\ttgoss\js\jshelpers_sjs1_3\1.0.0-RC1\jshelpers_sjs1_3-1.0.0-RC1.jar;C:\Users\amung\.m2\repository\org\ttgoss\js\native_sjs1_3\1.0.0-RC1\native_sjs1_3-1.0.0-RC1.jar;C:\Users\amung\.m2\repository\org\ttgoss\js\vdom_sjs1_3\1.0.0-RC1\vdom_sjs1_3-1.0.0-RC1.jar;C:\Users\amung\.m2\repository\org\scala-lang\scala3-library_sjs1_3\3.1.0\scala3-library_sjs1_3-3.1.0.jar;C:\Users\amung\.m2\repository\org\scala-lang\scala-library\2.13.6\scala-library-2.13.6.jar;C:\Users\amung\.m2\repository\org\scala-js\scalajs-library_2.13\1.8.0\scalajs-library_2.13-1.8.0.jar;C:\Users\amung\.m2\repository\org\scala-js\scalajs-dom_sjs1_3\2.0.0\scalajs-dom_sjs1_3-2.0.0.jar;"/>
    <property name="java.vm.vendor" value="Oracle Corporation"/>
    <property name="sun.arch.data.model" value="64"/>
    <property name="user.variant" value=""/>
    <property name="java.vendor.url" value="https://java.oracle.com/"/>
    <property name="user.timezone" value="Europe/Berlin"/>
    <property name="os.name" value="Windows 11"/>
    <property name="java.vm.specification.version" value="18"/>
    <property name="sun.java.launcher" value="SUN_STANDARD"/>
    <property name="user.country" value="GB"/>
    <property name="sun.boot.library.path" value="C:\Program Files\Java\jdk-18.0.2.1\bin"/>
    <property name="sun.java.command" value="C:\Users\amung\AppData\Local\Temp\surefire8729468204102775295\surefirebooter-20231113000514739_3.jar C:\Users\amung\AppData\Local\Temp\surefire8729468204102775295 2023-11-13T00-05-14_656-jvmRun1 surefire-20231113000514739_1tmp surefire_0-20231113000514739_2tmp"/>
    <property name="jdk.debug" value="release"/>
    <property name="surefire.test.class.path" value="C:\Users\amung\webmyproject\target\test-classes;C:\Users\amung\webmyproject\target\classes;C:\Users\amung\.m2\repository\junit\junit\3.8.1\junit-3.8.1.jar;C:\Users\amung\.m2\repository\com\pulumi\mysql\3.2.0\mysql-3.2.0.jar;C:\Users\amung\.m2\repository\com\google\code\findbugs\jsr305\3.0.2\jsr305-3.0.2.jar;C:\Users\amung\.m2\repository\com\google\code\gson\gson\2.8.9\gson-2.8.9.jar;C:\Users\amung\.m2\repository\com\pulumi\pulumi\0.5.4\pulumi-0.5.4.jar;C:\Users\amung\.m2\repository\io\grpc\grpc-protobuf\1.38.0\grpc-protobuf-1.38.0.jar;C:\Users\amung\.m2\repository\io\grpc\grpc-api\1.38.0\grpc-api-1.38.0.jar;C:\Users\amung\.m2\repository\io\grpc\grpc-context\1.38.0\grpc-context-1.38.0.jar;C:\Users\amung\.m2\repository\com\google\api\grpc\proto-google-common-protos\2.0.1\proto-google-common-protos-2.0.1.jar;C:\Users\amung\.m2\repository\io\grpc\grpc-protobuf-lite\1.38.0\grpc-protobuf-lite-1.38.0.jar;C:\Users\amung\.m2\repository\com\google\errorprone\error_prone_annotations\2.4.0\error_prone_annotations-2.4.0.jar;C:\Users\amung\.m2\repository\org\codehaus\mojo\animal-sniffer-annotations\1.19\animal-sniffer-annotations-1.19.jar;C:\Users\amung\.m2\repository\io\grpc\grpc-stub\1.38.0\grpc-stub-1.38.0.jar;C:\Users\amung\.m2\repository\net\javacrumbs\future-converter\future-converter-java8-guava\1.2.0\future-converter-java8-guava-1.2.0.jar;C:\Users\amung\.m2\repository\net\javacrumbs\future-converter\future-converter-common\1.2.0\future-converter-common-1.2.0.jar;C:\Users\amung\.m2\repository\net\javacrumbs\future-converter\future-converter-java8-common\1.2.0\future-converter-java8-common-1.2.0.jar;C:\Users\amung\.m2\repository\net\javacrumbs\future-converter\future-converter-guava-common\1.2.0\future-converter-guava-common-1.2.0.jar;C:\Users\amung\.m2\repository\com\google\guava\guava\31.1-jre\guava-31.1-jre.jar;C:\Users\amung\.m2\repository\com\google\guava\failureaccess\1.0.1\failureaccess-1.0.1.jar;C:\Users\amung\.m2\repository\com\google\guava\listenablefuture\9999.0-empty-to-avoid-conflict-with-guava\listenablefuture-9999.0-empty-to-avoid-conflict-with-guava.jar;C:\Users\amung\.m2\repository\org\checkerframework\checker-qual\3.12.0\checker-qual-3.12.0.jar;C:\Users\amung\.m2\repository\com\google\j2objc\j2objc-annotations\1.3\j2objc-annotations-1.3.jar;C:\Users\amung\.m2\repository\com\google\protobuf\protobuf-java\3.21.1\protobuf-java-3.21.1.jar;C:\Users\amung\.m2\repository\com\google\protobuf\protobuf-java-util\3.21.1\protobuf-java-util-3.21.1.jar;C:\Users\amung\.m2\repository\io\grpc\grpc-netty-shaded\1.38.0\grpc-netty-shaded-1.38.0.jar;C:\Users\amung\.m2\repository\io\grpc\grpc-core\1.38.0\grpc-core-1.38.0.jar;C:\Users\amung\.m2\repository\com\google\android\annotations\4.1.1.4\annotations-4.1.1.4.jar;C:\Users\amung\.m2\repository\io\perfmark\perfmark-api\0.23.0\perfmark-api-0.23.0.jar;C:\Users\amung\.m2\repository\org\ttgoss\js\react-navigation_sjs1_3\1.0.0-RC1\react-navigation_sjs1_3-1.0.0-RC1.jar;C:\Users\amung\.m2\repository\org\ttgoss\js\react_sjs1_3\1.0.0-RC1\react_sjs1_3-1.0.0-RC1.jar;C:\Users\amung\.m2\repository\org\ttgoss\js\jshelpers_sjs1_3\1.0.0-RC1\jshelpers_sjs1_3-1.0.0-RC1.jar;C:\Users\amung\.m2\repository\org\ttgoss\js\native_sjs1_3\1.0.0-RC1\native_sjs1_3-1.0.0-RC1.jar;C:\Users\amung\.m2\repository\org\ttgoss\js\vdom_sjs1_3\1.0.0-RC1\vdom_sjs1_3-1.0.0-RC1.jar;C:\Users\amung\.m2\repository\org\scala-lang\scala3-library_sjs1_3\3.1.0\scala3-library_sjs1_3-3.1.0.jar;C:\Users\amung\.m2\repository\org\scala-lang\scala-library\2.13.6\scala-library-2.13.6.jar;C:\Users\amung\.m2\repository\org\scala-js\scalajs-library_2.13\1.8.0\scalajs-library_2.13-1.8.0.jar;C:\Users\amung\.m2\repository\org\scala-js\scalajs-dom_sjs1_3\2.0.0\scalajs-dom_sjs1_3-2.0.0.jar;"/>
    <property name="sun.cpu.endian" value="little"/>
    <property name="user.home" value="C:\Users\amung"/>
    <property name="user.language" value="en"/>
    <property name="java.specification.vendor" value="Oracle Corporation"/>
    <property name="java.version.date" value="2022-08-18"/>
    <property name="java.home" value="C:\Program Files\Java\jdk-18.0.2.1"/>
    <property name="file.separator" value="\"/>
    <property name="basedir" value="C:\Users\amung\webmyproject"/>
    <property name="java.vm.compressedOopsMode" value="Zero based"/>
    <property name="line.separator" value="&#10;"/>
    <property name="java.vm.specification.vendor" value="Oracle Corporation"/>
    <property name="java.specification.name" value="Java Platform API Specification"/>
    <property name="surefire.real.class.path" value="C:\Users\amung\AppData\Local\Temp\surefire8729468204102775295\surefirebooter-20231113000514739_3.jar"/>
    <property name="user.script" value=""/>
    <property name="sun.management.compiler" value="HotSpot 64-Bit Tiered Compilers"/>
    <property name="java.runtime.version" value="18.0.2.1+1-1"/>
    <property name="user.name" value="amung"/>
    <property name="path.separator" value=";"/>
    <property name="os.version" value="10.0"/>
    <property name="java.runtime.name" value="Java(TM) SE Runtime Environment"/>
    <property name="file.encoding" value="UTF-8"/>
    <property name="java.vm.name" value="Java HotSpot(TM) 64-Bit Server VM"/>
    <property name="localRepository" value="C:\Users\amung\.m2\repository"/>
    <property name="java.vendor.url.bug" value="https://bugreport.java.com/bugreport/"/>
    <property name="java.io.tmpdir" value="C:\Users\amung\AppData\Local\Temp\"/>
    <property name="java.version" value="18.0.2.1"/>
    <property name="user.dir" value="C:\Users\amung\webmyproject"/>
    <property name="os.arch" value="amd64"/>
    <property name="java.vm.specification.name" value="Java Virtual Machine Specification"/>
    <property name="sun.os.patch.level" value=""/>
    <property name="native.encoding" value="Cp1252"/>
    <property name="java.library.path" value="C:\Program Files\Java\jdk-18.0.2.1\bin;C:\WINDOWS\Sun\Java\bin;C:\WINDOWS\system32;C:\WINDOWS;C:\Program Files\Common Files\Oracle\Java\javapath;C:\Windows\system32;C:\Windows;C:\Windows\System32\Wbem;C:\Windows\System32\WindowsPowerShell\v1.0\;C:\Windows\System32\OpenSSH\;C:\Program Files (x86)\NVIDIA Corporation\PhysX\Common;C:\Program Files\NVIDIA Corporation\NVIDIA NvDLISR;C:\Program Files\MATLAB\R2023a\bin;C:\Program Files\MATLAB\R2020b\bin;C:\WINDOWS\system32;C:\WINDOWS;C:\WINDOWS\System32\Wbem;C:\WINDOWS\System32\WindowsPowerShell\v1.0\;C:\WINDOWS\System32\OpenSSH\;C:\Program Files\Java\jdk-18.0.2.1\bin;C:\Program Files\Microsoft SQL Server\120\Tools\Binn\;C:\Program Files\WireGuard\;C:\Program Files\Siemens\NXStudentEdition1926\CAPITALINTEGRATION\capitalnxremote\;C:\mingw64\bin;C:\Program Files\PuTTY\;C:\Program Files (x86)\IVI Foundation\VISA\WinNT\Bin\;C:\Program Files\IVI Foundation\VISA\Win64\Bin\;C:\Program Files (x86)\IVI Foundation\VISA\WinNT\Bin;C:\Program Files\gs\gs10.02.0\bin;C:\Program Files\Git\cmd;C:\Program Files\Java\jdk-18.0.2.1\bin;C:\Program Files\apache-maven-3.9.5-bin\apache-maven-3.9.5;C:\Program Files\apache-maven-3.9.5-bin\apache-maven-3.9.5\bin;C:\Users\amung\AppData\Local\activestate\cache\bin;C:\Users\amung\AppData\Local\ActiveState\StateTool\release\bin;C:\Users\amung\AppData\Local\Microsoft\WindowsApps;C:\Users\amung\AppData\Local\Programs\Microsoft VS Code\bin;C:\Program Files\JetBrains\IntelliJ IDEA Community Edition 2021.1.1\bin;;C:\Users\amung\AppData\Local\Programs\MiKTeX\miktex\bin\x64\;;."/>
    <property name="java.vm.info" value="mixed mode, sharing"/>
    <property name="java.vendor" value="Oracle Corporation"/>
    <property name="java.vm.version" value="18.0.2.1+1-1"/>
    <property name="sun.io.unicode.encoding" value="UnicodeLittle"/>
    <property name="java.class.version" value="62.0"/>
  </properties>
  <testcase name="testApp" classname="com.myproject.AppTest" time="0.0"/>
</testsuite>